#
# There is insufficient memory for the Java Runtime Environment to continue.
# Native memory allocation (mmap) failed to map 266338304 bytes for Failed to commit area from 0x0000000702600000 to 0x0000000712400000 of length 266338304.
# Possible reasons:
#   The system is out of physical RAM or swap space
#   The process is running with CompressedOops enabled, and the Java Heap may be blocking the growth of the native heap
# Possible solutions:
#   Reduce memory load on the system
#   Increase physical memory or swap space
#   Check if swap backing store is full
#   Decrease Java heap size (-Xmx/-Xms)
#   Decrease number of Java threads
#   Decrease Java thread stack sizes (-Xss)
#   Set larger code cache with -XX:ReservedCodeCacheSize=
# This output file may be truncated or incomplete.
#
#  Out of Memory Error (./src/hotspot/os/windows/os_windows.cpp:3380), pid=19784, tid=20256
#
# JRE version:  (11.0.12+7) (build )
# Java VM: OpenJDK 64-Bit Server VM (11.0.12+7, mixed mode, sharing, tiered, compressed oops, g1 gc, windows-amd64)
# No core dump will be written. Minidumps are not enabled by default on client versions of Windows
#

---------------  S U M M A R Y ------------

Command Line: 

Host: Intel(R) Core(TM) i7-8550U CPU @ 1.80GHz, 8 cores, 15G,  Windows 10 , 64 bit Build 22621 (10.0.22621.3958)
Time: Fri Aug  2 12:51:40 2024 Pakistan Standard Time elapsed time: 0.017090 seconds (0d 0h 0m 0s)

---------------  T H R E A D  ---------------

Current thread (0x000001397c002800):  JavaThread "Unknown thread" [_thread_in_vm, id=20256, stack(0x0000001c15600000,0x0000001c15700000)]

Stack: [0x0000001c15600000,0x0000001c15700000]
Native frames: (J=compiled Java code, j=interpreted, Vv=VM code, C=native code)
V  [jvm.dll+0x6090fa]
V  [jvm.dll+0x79229e]
V  [jvm.dll+0x79396f]
V  [jvm.dll+0x794033]
V  [jvm.dll+0x24bed8]
V  [jvm.dll+0x60624a]
V  [jvm.dll+0x5facf5]
V  [jvm.dll+0x303b5c]
V  [jvm.dll+0x3039e2]
V  [jvm.dll+0x308706]
V  [jvm.dll+0x34d5cf]
V  [jvm.dll+0x34d000]
V  [jvm.dll+0x2e0c68]
V  [jvm.dll+0x2e1dc6]
V  [jvm.dll+0x76d627]
V  [jvm.dll+0x76edaf]
V  [jvm.dll+0x35a359]
V  [jvm.dll+0x750710]
V  [jvm.dll+0x3c1f8f]
V  [jvm.dll+0x3c4461]
C  [jli.dll+0x5207]
C  [ucrtbase.dll+0x29333]
C  [KERNEL32.DLL+0x1257d]
C  [ntdll.dll+0x5af28]


---------------  P R O C E S S  ---------------

Threads class SMR info:
_java_thread_list=0x0000013979de7da0, length=0, elements={
}

Java Threads: ( => current thread )

Other Threads:
  0x000001397c01a800 GCTaskThread "GC Thread#0" [stack: 0x0000001c15700000,0x0000001c15800000] [id=18992]
  0x000001397c079000 ConcurrentGCThread "G1 Main Marker" [stack: 0x0000001c15800000,0x0000001c15900000] [id=28084]
  0x000001397c07a800 ConcurrentGCThread "G1 Conc#0" [stack: 0x0000001c15900000,0x0000001c15a00000] [id=28100]

[error occurred during error reporting (printing all threads), id 0xc0000005, EXCEPTION_ACCESS_VIOLATION (0xc0000005) at pc=0x00007ffff2150337]

VM state:not at safepoint (not fully initialized)

VM Mutex/Monitor currently owned by a thread:  ([mutex/lock_event])
[0x000001397bfff5d0] Heap_lock - owner thread: 0x000001397c002800

Heap address: 0x0000000702600000, size: 4058 MB, Compressed Oops mode: Non-zero based: 0x0000000702600000
Narrow klass base: 0x0000000000000000, Narrow klass shift: 0

GC Heap History (0 events):
No events

Deoptimization events (0 events):
No events

Classes redefined (0 events):
No events

Internal exceptions (0 events):
No events

Events (1 events):
Event: 0.011 Loaded shared library C:\Program Files\Microsoft\jdk-11.0.12.7-hotspot\bin\zip.dll


Dynamic libraries:
0x00007ff69d150000 - 0x00007ff69d15d000 	C:\Program Files\Microsoft\jdk-11.0.12.7-hotspot\bin\java.exe
0x00007ff859db0000 - 0x00007ff859fc7000 	C:\WINDOWS\SYSTEM32\ntdll.dll
0x00007ff857b40000 - 0x00007ff857c04000 	C:\WINDOWS\System32\KERNEL32.DLL
0x00007ff857180000 - 0x00007ff85752d000 	C:\WINDOWS\System32\KERNELBASE.dll
0x00007ff8579c0000 - 0x00007ff857ad1000 	C:\WINDOWS\System32\ucrtbase.dll
0x00007ff84d660000 - 0x00007ff84d677000 	C:\Program Files\Microsoft\jdk-11.0.12.7-hotspot\bin\jli.dll
0x00007ff843590000 - 0x00007ff8435a5000 	C:\Program Files\Microsoft\jdk-11.0.12.7-hotspot\bin\VCRUNTIME140.dll
0x00007ff858c00000 - 0x00007ff858dae000 	C:\WINDOWS\System32\USER32.dll
0x00007ff8438e0000 - 0x00007ff843b73000 	C:\WINDOWS\WinSxS\amd64_microsoft.windows.common-controls_6595b64144ccf1df_6.0.22621.3672_none_2713b9d173822955\COMCTL32.dll
0x00007ff857150000 - 0x00007ff857176000 	C:\WINDOWS\System32\win32u.dll
0x00007ff857d70000 - 0x00007ff857d99000 	C:\WINDOWS\System32\GDI32.dll
0x00007ff8595a0000 - 0x00007ff859647000 	C:\WINDOWS\System32\msvcrt.dll
0x00007ff8575d0000 - 0x00007ff8576e9000 	C:\WINDOWS\System32\gdi32full.dll
0x00007ff857920000 - 0x00007ff8579ba000 	C:\WINDOWS\System32\msvcp_win.dll
0x00007ff857c30000 - 0x00007ff857c61000 	C:\WINDOWS\System32\IMM32.DLL
0x00007ff818340000 - 0x00007ff8183db000 	C:\Program Files\Microsoft\jdk-11.0.12.7-hotspot\bin\msvcp140.dll
0x00007ffff1e60000 - 0x00007ffff29c1000 	C:\Program Files\Microsoft\jdk-11.0.12.7-hotspot\bin\server\jvm.dll
0x00007ff8591c0000 - 0x00007ff859272000 	C:\WINDOWS\System32\ADVAPI32.dll
0x00007ff859800000 - 0x00007ff8598a9000 	C:\WINDOWS\System32\sechost.dll
0x00007ff8575a0000 - 0x00007ff8575c8000 	C:\WINDOWS\System32\bcrypt.dll
0x00007ff8598c0000 - 0x00007ff8599d4000 	C:\WINDOWS\System32\RPCRT4.dll
0x00007ff858bf0000 - 0x00007ff858bf8000 	C:\WINDOWS\System32\PSAPI.DLL
0x00007ff83df40000 - 0x00007ff83df49000 	C:\WINDOWS\SYSTEM32\WSOCK32.dll
0x00007ff8493b0000 - 0x00007ff8493ba000 	C:\WINDOWS\SYSTEM32\VERSION.dll
0x00007ff84d6e0000 - 0x00007ff84d714000 	C:\WINDOWS\SYSTEM32\WINMM.dll
0x00007ff858300000 - 0x00007ff858371000 	C:\WINDOWS\System32\WS2_32.dll
0x00007ff8561f0000 - 0x00007ff856208000 	C:\WINDOWS\SYSTEM32\kernel.appcore.dll
0x00007ff84d720000 - 0x00007ff84d730000 	C:\Program Files\Microsoft\jdk-11.0.12.7-hotspot\bin\verify.dll
0x00007ff854a60000 - 0x00007ff854c92000 	C:\WINDOWS\SYSTEM32\DBGHELP.DLL
0x00007ff8599e0000 - 0x00007ff859d6d000 	C:\WINDOWS\System32\combase.dll
0x00007ff859030000 - 0x00007ff859107000 	C:\WINDOWS\System32\OLEAUT32.dll
0x00007ff841cb0000 - 0x00007ff841ce2000 	C:\WINDOWS\SYSTEM32\dbgcore.DLL
0x00007ff8570d0000 - 0x00007ff85714b000 	C:\WINDOWS\System32\bcryptPrimitives.dll
0x00007ff843560000 - 0x00007ff843588000 	C:\Program Files\Microsoft\jdk-11.0.12.7-hotspot\bin\java.dll
0x00007ff8480c0000 - 0x00007ff8480ca000 	C:\Program Files\Microsoft\jdk-11.0.12.7-hotspot\bin\jimage.dll
0x00007ff843540000 - 0x00007ff843557000 	C:\Program Files\Microsoft\jdk-11.0.12.7-hotspot\bin\zip.dll

dbghelp: loaded successfully - version: 4.0.5 - missing functions: none
symbol engine: initialized successfully - sym options: 0x614 - pdb path: .;C:\Program Files\Microsoft\jdk-11.0.12.7-hotspot\bin;C:\WINDOWS\SYSTEM32;C:\WINDOWS\WinSxS\amd64_microsoft.windows.common-controls_6595b64144ccf1df_6.0.22621.3672_none_2713b9d173822955;C:\Program Files\Microsoft\jdk-11.0.12.7-hotspot\bin\server

VM Arguments:
java_command: <unknown>
java_class_path (initial): <not set>
Launcher Type: SUN_STANDARD

[Global flags]
     intx CICompilerCount                          = 4                                         {product} {ergonomic}
     uint ConcGCThreads                            = 2                                         {product} {ergonomic}
     uint G1ConcRefinementThreads                  = 8                                         {product} {ergonomic}
   size_t G1HeapRegionSize                         = 1048576                                   {product} {ergonomic}
    uintx GCDrainStackTargetSize                   = 64                                        {product} {ergonomic}
   size_t InitialHeapSize                          = 266338304                                 {product} {ergonomic}
   size_t MarkStackSize                            = 4194304                                   {product} {ergonomic}
   size_t MaxHeapSize                              = 4255121408                                {product} {ergonomic}
   size_t MinHeapDeltaBytes                        = 1048576                                   {product} {ergonomic}
    uintx NonNMethodCodeHeapSize                   = 5836300                                {pd product} {ergonomic}
    uintx NonProfiledCodeHeapSize                  = 122910970                              {pd product} {ergonomic}
    uintx ProfiledCodeHeapSize                     = 122910970                              {pd product} {ergonomic}
    uintx ReservedCodeCacheSize                    = 251658240                              {pd product} {ergonomic}
     bool SegmentedCodeCache                       = true                                      {product} {ergonomic}
     bool UseCompressedClassPointers               = true                                 {lp64_product} {ergonomic}
     bool UseCompressedOops                        = true                                 {lp64_product} {ergonomic}
     bool UseG1GC                                  = true                                      {product} {ergonomic}
     bool UseLargePagesIndividualAllocation        = false                                  {pd product} {ergonomic}

Logging:
Log output configuration:
 #0: stdout all=warning uptime,level,tags
 #1: stderr all=off uptime,level,tags

Environment Variables:
PATH=C:\Program Files\Microsoft\jdk-11.0.12.7-hotspot\bin;C:\Program Files (x86)\VMware\VMware Player\bin\;C:\Program Files (x86)\Intel\Intel(R) Management Engine Components\iCLS\;C:\Program Files\Intel\Intel(R) Management Engine Components\iCLS\;C:\Windows\system32;C:\Windows;C:\Windows\System32\Wbem;C:\Windows\System32\WindowsPowerShell\v1.0\;C:\Windows\System32\OpenSSH\;C:\Program Files (x86)\Intel\Intel(R) Management Engine Components\DAL;C:\Program Files\Intel\Intel(R) Management Engine Components\DAL;C:\Program Files (x86)\Intel\Intel(R) Management Engine Components\IPT;C:\Program Files\Intel\Intel(R) Management Engine Components\IPT;C:\Program Files (x86)\NVIDIA Corporation\PhysX\Common;C:\WINDOWS\system32;C:\WINDOWS;C:\WINDOWS\System32\Wbem;C:\WINDOWS\System32\WindowsPowerShell\v1.0\;C:\WINDOWS\System32\OpenSSH\;C:\Program Files\Intel\WiFi\bin\;C:\Program Files\Common Files\Intel\WirelessCommon\;C:\Program Files (x86)\Microsoft SQL Server\160\DTS\Binn\;C:\Program Files\Azure Data Studio\bin;C:\Program Files (x86)\Microsoft SQL Server\160\Tools\Binn\;C:\Program Files\Microsoft SQL Server\160\Tools\Binn\;C:\Program Files\Microsoft SQL Server\Client SDK\ODBC\170\Tools\Binn\;C:\Program Files\Microsoft SQL Server\160\DTS\Binn\;C:\Program Files\Microsoft SQL Server\150\Tools\Binn\;C:\Program Files\dotnet\;C:\Users\Muneeb Shahid\AppData\Local\Microsoft\WindowsApps;;C:\Users\Muneeb Shahid\AppData\Local\Programs\Microsoft VS Code\bin;C:\Program Files\Azure Data Studio\bin;C:\Users\Muneeb Shahid\.dotnet\tools
USERNAME=Muneeb Shahid
OS=Windows_NT
PROCESSOR_IDENTIFIER=Intel64 Family 6 Model 142 Stepping 10, GenuineIntel



---------------  S Y S T E M  ---------------

OS: Windows 10 , 64 bit Build 22621 (10.0.22621.3958)
OS uptime: 2 days 0:12 hours

CPU:total 8 (initial active 8) (4 cores per cpu, 2 threads per core) family 6 model 142 stepping 10 microcode 0xe0, cmov, cx8, fxsr, mmx, sse, sse2, sse3, ssse3, sse4.1, sse4.2, popcnt, avx, avx2, aes, clmul, erms, 3dnowpref, lzcnt, ht, tsc, tscinvbit, bmi1, bmi2, adx, fma

Memory: 4k page, system-wide physical 16226M (5098M free)
TotalPageFile size 16226M (AvailPageFile size 198M)
current process WorkingSet (physical memory assigned to process): 11M, peak: 11M
current process commit charge ("private bytes"): 61M, peak: 314M

vm_info: OpenJDK 64-Bit Server VM (11.0.12+7) for windows-amd64 JRE (11.0.12+7), built on Jul 21 2021 15:41:43 by "" with unknown MS VC++:1916

END.
